<?xml version="1.0" encoding="UTF-8"?>
<testsuite xmlns:xsi="http://www.w3.org/2001/XMLSchema-instance" xsi:noNamespaceSchemaLocation="https://maven.apache.org/surefire/maven-surefire-plugin/xsd/surefire-test-report.xsd" name="com.oscar.sanchez.lab1stackoscarsanchez.TqsStackTest" time="0.053" tests="5" errors="0" skipped="0" failures="3">
  <properties>
[...]
</properties>
  <testcase name="peekOnNonEmptyStack" classname="com.oscar.sanchez.lab1stackoscarsanchez.TqsStackTest" time="0.031">
    <failure message="stack (1 failure)&#10;	org.opentest4j.AssertionFailedError: Stack should not be empty ==&gt; expected: not &lt;null&gt;" type="org.opentest4j.MultipleFailuresError"><![CDATA[org.opentest4j.MultipleFailuresError: 
stack (1 failure)
	org.opentest4j.AssertionFailedError: Stack should not be empty ==> expected: not <null>
	at com.oscar.sanchez.lab1stackoscarsanchez.TqsStackTest.peekOnNonEmptyStack(TqsStackTest.java:66)
]]></failure>
  </testcase>
  <testcase name="popOnNonEmptyStack" classname="com.oscar.sanchez.lab1stackoscarsanchez.TqsStackTest" time="0">
    <failure message="Stack should not be empty ==&gt; expected: not &lt;null&gt;" type="org.opentest4j.AssertionFailedError"><![CDATA[org.opentest4j.AssertionFailedError: Stack should not be empty ==> expected: not <null>
	at com.oscar.sanchez.lab1stackoscarsanchez.TqsStackTest.popOnNonEmptyStack(TqsStackTest.java:55)
]]></failure>
  </testcase>
  <testcase name="popOnEmptyStack" classname="com.oscar.sanchez.lab1stackoscarsanchez.TqsStackTest" time="0.001"/>
  <testcase name="pushNElements" classname="com.oscar.sanchez.lab1stackoscarsanchez.TqsStackTest" time="0.001"/>
  <testcase name="isEmpty" classname="com.oscar.sanchez.lab1stackoscarsanchez.TqsStackTest" time="0.002">
    <failure message="Stack should be empty ==&gt; expected: &lt;true&gt; but was: &lt;false&gt;" type="org.opentest4j.AssertionFailedError"><![CDATA[org.opentest4j.AssertionFailedError: Stack should be empty ==> expected: <true> but was: <false>
	at com.oscar.sanchez.lab1stackoscarsanchez.TqsStackTest.isEmpty(TqsStackTest.java:44)
]]></failure>
  </testcase>
</testsuite>